<?xml version="1.0" ?>
<testsuite errors="1" failures="0" name="TestAddServerAssignCustomerFirefox-20160308153305" tests="1" time="68.798">
	<testcase classname="TestAddServerAssignCustomerFirefox" name="test_enable_disable_timemarkpolicy_firefox" time="68.798">
		<error message="Message: Unable to locate element: {&quot;method&quot;:&quot;xpath&quot;,&quot;selector&quot;:&quot;//span[@aria-label='Select box activate']&quot;}
For documentation on this error, please visit: http://seleniumhq.org/exceptions/no_such_element.html
Build info: version: '2.48.2', revision: '41bccdd', time: '2015-10-09 19:59:12'
System info: host: '97f27eaef733', ip: '172.17.0.4', os.name: 'Linux', os.arch: 'amd64', os.version: '3.8.13-118.el7uek.x86_64', java.version: '1.8.0_45-internal'
Driver info: driver.version: unknown
Screenshot: available via screen
Stacktrace:
    at &lt;anonymous class&gt;.FirefoxDriver.prototype.findElementInternal_ (file:///tmp/anonymous1110649675085209323webdriver-profile/extensions/fxdriver@googlecode.com/components/driver-component.js:10659)
    at &lt;anonymous class&gt;.fxdriver.Timer.prototype.setTimeout/&lt;.notify (file:///tmp/anonymous1110649675085209323webdriver-profile/extensions/fxdriver@googlecode.com/components/driver-component.js:621)" type="NoSuchElementException">
<![CDATA[Traceback (most recent call last):
  File "test_enable_disable_timemarkpolicy_firefox.py", line 70, in test_enable_disable_timemarkpolicy_firefox
    driver.find_element_by_xpath("//span[@aria-label='Select box activate']").click()
  File "/usr/lib/python2.7/site-packages/selenium/webdriver/remote/webdriver.py", line 258, in find_element_by_xpath
    return self.find_element(by=By.XPATH, value=xpath)
  File "/usr/lib/python2.7/site-packages/selenium/webdriver/remote/webdriver.py", line 712, in find_element
    {'using': by, 'value': value})['value']
  File "/usr/lib/python2.7/site-packages/selenium/webdriver/remote/webdriver.py", line 201, in execute
    self.error_handler.check_response(response)
  File "/usr/lib/python2.7/site-packages/selenium/webdriver/remote/errorhandler.py", line 181, in check_response
    raise exception_class(message, screen, stacktrace)
NoSuchElementException: Message: Unable to locate element: {"method":"xpath","selector":"//span[@aria-label='Select box activate']"}
For documentation on this error, please visit: http://seleniumhq.org/exceptions/no_such_element.html
Build info: version: '2.48.2', revision: '41bccdd', time: '2015-10-09 19:59:12'
System info: host: '97f27eaef733', ip: '172.17.0.4', os.name: 'Linux', os.arch: 'amd64', os.version: '3.8.13-118.el7uek.x86_64', java.version: '1.8.0_45-internal'
Driver info: driver.version: unknown
Screenshot: available via screen
Stacktrace:
    at <anonymous class>.FirefoxDriver.prototype.findElementInternal_ (file:///tmp/anonymous1110649675085209323webdriver-profile/extensions/fxdriver@googlecode.com/components/driver-component.js:10659)
    at <anonymous class>.fxdriver.Timer.prototype.setTimeout/<.notify (file:///tmp/anonymous1110649675085209323webdriver-profile/extensions/fxdriver@googlecode.com/components/driver-component.js:621)
]]>		</error>
	</testcase>
	<system-out>
<![CDATA[]]>	</system-out>
	<system-err>
<![CDATA[]]>	</system-err>
</testsuite>
